<?xml version="1.0" encoding="UTF-8"?>
<!-- Generated by org.testng.reporters.JUnitXMLReporter -->
<testsuite hostname="LokeshBS" ignored="0" name="Test" tests="1" failures="0" timestamp="2020-07-11T22:46:35 IST" time="12.592" errors="0">
  <testcase name="@BeforeClass setUp" time="12.488" classname="com.inetbanking.genericlib.BaseClass">
    <failure type="java.lang.NullPointerException">
      <![CDATA[java.lang.NullPointerException
at com.inetbanking.genericlib.BaseClass.setUp(BaseClass.java:46)
at java.util.ArrayList.forEach(ArrayList.java:1257)
... Removed 25 stack frames]]>
    </failure>
  </testcase> <!-- @BeforeClass setUp -->
  <testcase name="@AfterClass tearDown" time="-1.594487795187E9" classname="com.inetbanking.genericlib.BaseClass">
    <skipped/>
  </testcase> <!-- @AfterClass tearDown -->
  <testcase name="loginPageTests" time="0.0" classname="com.inetbanking.testcases.TC_LoginPage_001">
    <skipped/>
  </testcase> <!-- loginPageTests -->
</testsuite> <!-- Test -->
