<?xml version="1.0" encoding="UTF-8"?>
<testng-results skipped="0" failed="0" ignored="0" total="1" passed="1">
  <reporter-output>
  </reporter-output>
  <suite name="InetBankingV1" duration-ms="18002" started-at="2020-07-11T23:17:50 IST" finished-at="2020-07-11T23:18:08 IST">
    <groups>
    </groups>
    <test name="BankingApp Test" duration-ms="18002" started-at="2020-07-11T23:17:50 IST" finished-at="2020-07-11T23:18:08 IST">
      <class name="com.inetbanking.testcases.TC_LoginPage_001">
        <test-method status="PASS" signature="setUp(java.lang.String)[pri:0, instance:com.inetbanking.testcases.TC_LoginPage_001@59e5ddf]" name="setUp" is-config="true" duration-ms="13737" started-at="2020-07-11T23:17:50 IST" finished-at="2020-07-11T23:18:04 IST">
          <params>
            <param index="0">
              <value>
                <![CDATA[chrome]]>
              </value>
            </param>
          </params>
          <reporter-output>
          </reporter-output>
        </test-method> <!-- setUp -->
        <test-method status="PASS" signature="loginPageTests()[pri:0, instance:com.inetbanking.testcases.TC_LoginPage_001@59e5ddf]" name="loginPageTests" duration-ms="2833" started-at="2020-07-11T23:18:04 IST" finished-at="2020-07-11T23:18:07 IST">
          <reporter-output>
          </reporter-output>
        </test-method> <!-- loginPageTests -->
        <test-method status="PASS" signature="tearDown()[pri:0, instance:com.inetbanking.testcases.TC_LoginPage_001@59e5ddf]" name="tearDown" is-config="true" duration-ms="893" started-at="2020-07-11T23:18:07 IST" finished-at="2020-07-11T23:18:08 IST">
          <reporter-output>
          </reporter-output>
        </test-method> <!-- tearDown -->
      </class> <!-- com.inetbanking.testcases.TC_LoginPage_001 -->
    </test> <!-- BankingApp Test -->
  </suite> <!-- InetBankingV1 -->
</testng-results>
